## Network Monitor Check - Monday, February 9th, 2026 - 4:25 PM (Europe/Sofia)

| Service | Status | Required |
|---------|--------|----------|
| Home Assistant | ✅ UP | **YES** |
| OpenClaw Gateway | ✅ UP | **YES** |
| Plex | ❌ DOWN | optional |

**Result:** All required services operational. No alerts needed.

## Network Monitor Check - 2026-02-09 16:35:18


Exit code: 0


## Network Monitor Check - 2026-02-09 18:02:21


Exit code: 0


## Network Monitor Check - 2026-02-09 18:45:08

✅ Home Assistant: UP **REQUIRED**
✅ OpenClaw Gateway: UP **REQUIRED**
✅ External Internet: UP **REQUIRED**
✅ Frigate NVR: UP (optional)
✅ MQTT Broker: UP (optional)
✅ SSH Server: UP (optional)


## Network Monitor Check - 2026-02-09 21:40:32


Exit code: 0

