
## Network Monitor Check - 2026-02-09 00:15:08


Exit code: 0


## Network Monitor Check - 2026-02-09 00:31:00


Exit code: 0


## Network Monitor Check - 2026-02-09 01:10:35


Exit code: 0

## Network Monitor Check - 2026-02-09 01:10:00
✅ Home Assistant: UP **REQUIRED**
✅ OpenClaw Gateway: UP **REQUIRED**
❌ Plex: DOWN (optional)

Exit code: 0


## Network Monitor Check - 2026-02-09 02:40:19


Exit code: 0


## Network Monitor Check - 2026-02-09 03:11:04

✅ Home Assistant: UP **REQUIRED**
✅ OpenClaw Gateway: UP **REQUIRED**
✅ External Internet: UP **REQUIRED**
✅ Frigate NVR: UP (optional)
✅ MQTT Broker: UP (optional)
✅ SSH Server: UP (optional)

