## Network Monitor Check - 2026-02-08 14:45:27

❌ Home Assistant: DOWN **REQUIRED**
❌ External Internet: DOWN **REQUIRED**
✅ OpenClaw Gateway: UP **REQUIRED**
✅ Frigate NVR: UP (optional)
❌ MQTT Broker: DOWN (optional)
❌ SSH Server: DOWN (optional)

**ALERT: 2 required services are DOWN**

## Network Monitor Check - 2026-02-08 14:50:29

✅ Home Assistant: UP **REQUIRED**
✅ OpenClaw Gateway: UP **REQUIRED**
✅ External Internet: UP **REQUIRED**
✅ Frigate NVR: UP (optional)
✅ MQTT Broker: UP (optional)
✅ SSH Server: UP (optional)


## Network Monitor Check - 2026-02-08 15:01:02

✅ Home Assistant: UP **REQUIRED**
✅ OpenClaw Gateway: UP **REQUIRED**
✅ External Internet: UP **REQUIRED**
✅ Frigate NVR: UP (optional)
✅ MQTT Broker: UP (optional)
✅ SSH Server: UP (optional)


## Network Monitor Check - 2026-02-08 15:05:15

✅ Home Assistant: UP **REQUIRED**
✅ OpenClaw Gateway: UP **REQUIRED**
✅ External Internet: UP **REQUIRED**
✅ Frigate NVR: UP (optional)
✅ MQTT Broker: UP (optional)
✅ SSH Server: UP (optional)


## Network Monitor Check - 2026-02-08 15:10:30

✅ Home Assistant: UP **REQUIRED**
✅ OpenClaw Gateway: UP **REQUIRED**
✅ External Internet: UP **REQUIRED**
✅ Frigate NVR: UP (optional)
✅ MQTT Broker: UP (optional)
✅ SSH Server: UP (optional)


## Network Monitor Check - 2026-02-08 15:31:02

✅ Home Assistant: UP **REQUIRED**
✅ OpenClaw Gateway: UP **REQUIRED**
✅ External Internet: UP **REQUIRED**
✅ Frigate NVR: UP (optional)
✅ MQTT Broker: UP (optional)
✅ SSH Server: UP (optional)


## Network Monitor Check - 2026-02-08 15:35:15

✅ Home Assistant: UP **REQUIRED**
✅ OpenClaw Gateway: UP **REQUIRED**
✅ External Internet: UP **REQUIRED**
✅ Frigate NVR: UP (optional)
✅ MQTT Broker: UP (optional)
✅ SSH Server: UP (optional)


## Network Monitor Check - 2026-02-08 15:50:34

✅ Home Assistant: UP **REQUIRED**
✅ OpenClaw Gateway: UP **REQUIRED**
✅ External Internet: UP **REQUIRED**
✅ Frigate NVR: UP (optional)
✅ MQTT Broker: UP (optional)
✅ SSH Server: UP (optional)


## Network Monitor Check - 2026-02-08 16:00:31

✅ Home Assistant: UP **REQUIRED**
✅ OpenClaw Gateway: UP **REQUIRED**
✅ External Internet: UP **REQUIRED**
✅ Frigate NVR: UP (optional)
✅ MQTT Broker: UP (optional)
✅ SSH Server: UP (optional)


## Network Monitor Check - 2026-02-08 16:15:13

✅ Home Assistant: UP **REQUIRED**
✅ OpenClaw Gateway: UP **REQUIRED**
✅ External Internet: UP **REQUIRED**
✅ Frigate NVR: UP (optional)
✅ MQTT Broker: UP (optional)
✅ SSH Server: UP (optional)


## Network Monitor Check - 2026-02-08 16:20:42

✅ Home Assistant: UP **REQUIRED**
✅ OpenClaw Gateway: UP **REQUIRED**
✅ External Internet: UP **REQUIRED**
✅ Frigate NVR: UP (optional)
✅ MQTT Broker: UP (optional)
✅ SSH Server: UP (optional)


## Network Monitor Check - 2026-02-08 16:30:42

✅ Home Assistant: UP **REQUIRED**
✅ OpenClaw Gateway: UP **REQUIRED**
✅ External Internet: UP **REQUIRED**
✅ Frigate NVR: UP (optional)
✅ MQTT Broker: UP (optional)
✅ SSH Server: UP (optional)


## Network Monitor Check - 2026-02-08 11:05:27 NST

✅ Home Assistant (localhost): UP **REQUIRED**
✅ Home Assistant (homeassistant.local): UP **REQUIRED**
✅ OpenClaw Gateway: UP **REQUIRED**
✅ Frigate NVR: UP (optional)
❌ External Internet: DOWN **REQUIRED**
❌ MQTT Broker: DOWN (optional)
❌ SSH Server: DOWN (optional)

**ALERT: 1 required service is DOWN**
*Note: Discord alert failed — guilds not configured in gateway*

## Network Monitor Check - 2026-02-08 16:40:35

✅ Home Assistant: UP **REQUIRED**
✅ OpenClaw Gateway: UP **REQUIRED**
✅ External Internet: UP **REQUIRED**
✅ Frigate NVR: UP (optional)
✅ MQTT Broker: UP (optional)
✅ SSH Server: UP (optional)


## Network Monitor Check - 2026-02-08 16:45:14

✅ Home Assistant: UP **REQUIRED**
✅ OpenClaw Gateway: UP **REQUIRED**
✅ External Internet: UP **REQUIRED**
✅ Frigate NVR: UP (optional)
✅ MQTT Broker: UP (optional)
✅ SSH Server: UP (optional)


## Network Monitor Check - 2026-02-08 16:55:13

✅ Home Assistant: UP **REQUIRED**
✅ OpenClaw Gateway: UP **REQUIRED**
✅ External Internet: UP **REQUIRED**
✅ Frigate NVR: UP (optional)
✅ MQTT Broker: UP (optional)
✅ SSH Server: UP (optional)


## Network Monitor Check - 2026-02-08 17:00:42

✅ Home Assistant: UP **REQUIRED**
✅ OpenClaw Gateway: UP **REQUIRED**
✅ External Internet: UP **REQUIRED**
✅ Frigate NVR: UP (optional)
✅ MQTT Broker: UP (optional)
✅ SSH Server: UP (optional)


## Network Monitor Check - 2026-02-08 17:10:41

✅ Home Assistant: UP **REQUIRED**
✅ OpenClaw Gateway: UP **REQUIRED**
✅ External Internet: UP **REQUIRED**
✅ Frigate NVR: UP (optional)
✅ MQTT Broker: UP (optional)
✅ SSH Server: UP (optional)

